2025-02-22 16:46:00 INFO  Main:35 - saved data reading
2025-02-22 16:46:00 INFO  Main:40 - application start
2025-02-22 16:46:00 INFO  Controller:74 - Main controller initializing
2025-02-22 16:46:09 INFO  NewEditController:89 - new/edit window initializing
2025-02-22 16:46:36 INFO  NewEditController:89 - new/edit window initializing
2025-02-22 16:47:33 INFO  NewEditController:89 - new/edit window initializing
2025-03-05 19:06:22 INFO  Main:35 - saved data reading
2025-03-05 19:06:22 INFO  Main:40 - application start
2025-03-05 19:06:22 INFO  Controller:74 - Main controller initializing
2025-03-11 21:10:33 INFO  Main:35 - saved data reading
2025-03-11 21:10:33 INFO  Main:40 - application start
2025-03-11 21:10:33 INFO  Controller:74 - Main controller initializing
2025-03-12 22:02:21 INFO  Main:35 - saved data reading
2025-03-12 22:02:21 INFO  Main:40 - application start
2025-03-12 22:02:22 INFO  Controller:74 - Main controller initializing
2025-03-12 22:02:36 INFO  Main:35 - saved data reading
2025-03-12 22:02:36 INFO  Main:40 - application start
2025-03-12 22:02:37 INFO  Controller:74 - Main controller initializing
2025-03-12 22:27:50 INFO  Main:35 - saved data reading
2025-03-12 22:27:50 INFO  Main:40 - application start
2025-03-12 22:27:50 INFO  Controller:74 - Main controller initializing
2025-03-12 22:29:25 INFO  Main:35 - saved data reading
2025-03-12 22:29:25 INFO  Main:40 - application start
2025-03-12 22:29:25 INFO  Controller:74 - Main controller initializing
2025-03-12 22:29:30 INFO  NewEditController:89 - new/edit window initializing
2025-03-12 22:29:34 INFO  NewEditController:89 - new/edit window initializing
2025-03-12 22:37:04 INFO  Main:36 - saved data reading
2025-03-12 22:45:41 INFO  Main:36 - saved data reading
2025-03-12 22:45:41 INFO  Main:43 - application start
2025-03-12 22:45:41 INFO  Controller:74 - Main controller initializing
2025-03-12 22:45:44 INFO  NewEditController:89 - new/edit window initializing
2025-03-12 22:46:36 INFO  Main:36 - saved data reading
2025-03-12 22:46:36 INFO  Main:43 - application start
2025-03-12 22:46:36 INFO  Controller:74 - Main controller initializing
2025-03-12 22:46:38 INFO  NewEditController:89 - new/edit window initializing
2025-03-12 22:47:07 INFO  NewEditController:89 - new/edit window initializing
2025-03-12 22:48:02 INFO  Main:36 - saved data reading
2025-03-12 22:48:02 INFO  Main:43 - application start
2025-03-12 22:48:02 INFO  Controller:74 - Main controller initializing
2025-03-12 22:48:03 INFO  Main:36 - saved data reading
2025-03-12 22:48:03 INFO  Main:43 - application start
2025-03-12 22:48:04 INFO  Controller:74 - Main controller initializing
2025-03-12 22:48:07 INFO  NewEditController:89 - new/edit window initializing
2025-03-12 23:04:18 INFO  Main:36 - saved data reading
2025-03-12 23:04:18 INFO  Main:43 - application start
2025-03-12 23:04:18 INFO  Controller:74 - Main controller initializing
2025-03-12 23:04:20 INFO  Main:36 - saved data reading
2025-03-12 23:04:20 INFO  Main:43 - application start
2025-03-12 23:04:20 INFO  Controller:74 - Main controller initializing
2025-03-12 23:04:26 INFO  NewEditController:89 - new/edit window initializing
2025-03-12 23:22:00 INFO  Main:36 - saved data reading
2025-03-12 23:22:00 INFO  Main:43 - application start
2025-03-12 23:22:01 INFO  Controller:74 - Main controller initializing
2025-03-12 23:22:15 INFO  Main:36 - saved data reading
2025-03-12 23:22:15 INFO  Main:43 - application start
2025-03-12 23:22:15 INFO  Controller:74 - Main controller initializing
2025-03-12 23:24:49 INFO  Main:36 - saved data reading
2025-03-12 23:24:49 INFO  Main:43 - application start
2025-03-12 23:24:49 INFO  Controller:74 - Main controller initializing
2025-03-12 23:26:31 INFO  Main:36 - saved data reading
2025-03-12 23:26:31 INFO  Main:43 - application start
2025-03-12 23:26:32 INFO  Controller:74 - Main controller initializing
2025-03-12 23:27:23 INFO  Main:36 - saved data reading
2025-03-12 23:27:23 INFO  Main:43 - application start
2025-03-12 23:27:23 INFO  Controller:74 - Main controller initializing
2025-03-12 23:27:25 INFO  Main:36 - saved data reading
2025-03-12 23:27:25 INFO  Main:43 - application start
2025-03-12 23:27:25 INFO  Controller:74 - Main controller initializing
2025-03-12 23:28:59 INFO  Main:36 - saved data reading
2025-03-12 23:28:59 INFO  Main:43 - application start
2025-03-12 23:29:00 INFO  Controller:75 - Main controller initializing
2025-03-12 23:31:59 INFO  Main:36 - saved data reading
2025-03-12 23:31:59 INFO  Main:41 - application start
2025-03-12 23:31:59 INFO  Controller:75 - Main controller initializing
2025-03-12 23:32:01 INFO  NewEditController:89 - new/edit window initializing
2025-03-12 23:32:14 INFO  NewEditController:89 - new/edit window initializing
2025-03-12 23:32:22 INFO  NewEditController:89 - new/edit window initializing
2025-03-12 23:32:36 INFO  TaskInfoController:24 - task info window initializing
2025-03-12 23:32:46 INFO  NewEditController:89 - new/edit window initializing
2025-03-12 23:44:02 INFO  Main:36 - saved data reading
2025-03-12 23:44:02 INFO  Main:41 - application start
2025-03-12 23:44:02 INFO  Controller:75 - Main controller initializing
2025-03-12 23:44:05 INFO  NewEditController:89 - new/edit window initializing
2025-03-12 23:46:15 INFO  Main:36 - saved data reading
2025-03-12 23:46:15 INFO  Main:41 - application start
2025-03-12 23:46:15 INFO  Controller:75 - Main controller initializing
2025-03-12 23:46:21 INFO  NewEditController:89 - new/edit window initializing
2025-03-12 23:46:30 ERROR Task:40 - interval < than 1
2025-03-13 18:34:20 INFO  Main:36 - saved data reading
2025-03-13 18:34:20 INFO  Main:41 - application start
2025-03-13 18:34:20 INFO  Controller:75 - Main controller initializing
2025-03-13 18:34:25 INFO  NewEditController:89 - new/edit window initializing
2025-03-13 18:37:42 INFO  Main:36 - saved data reading
2025-03-13 18:37:42 INFO  Main:41 - application start
2025-03-13 18:37:42 INFO  Controller:75 - Main controller initializing
2025-03-13 18:38:17 INFO  TaskInfoController:24 - task info window initializing
2025-03-13 18:38:17 ERROR Controller:128 - error loading task-info.fxml
2025-03-13 18:38:20 INFO  NewEditController:89 - new/edit window initializing
2025-03-13 18:39:40 INFO  Main:36 - saved data reading
2025-03-13 18:39:40 INFO  Main:41 - application start
2025-03-13 18:39:41 INFO  Controller:75 - Main controller initializing
2025-03-13 18:39:43 INFO  Main:36 - saved data reading
2025-03-13 18:39:43 INFO  Main:41 - application start
2025-03-13 18:39:43 INFO  Controller:75 - Main controller initializing
2025-03-13 18:39:48 INFO  NewEditController:89 - new/edit window initializing
2025-03-13 18:39:52 INFO  NewEditController:89 - new/edit window initializing
2025-03-13 18:40:00 INFO  Main:36 - saved data reading
2025-03-13 18:40:00 INFO  Main:41 - application start
2025-03-13 18:40:01 INFO  Controller:75 - Main controller initializing
2025-03-13 18:40:03 INFO  NewEditController:89 - new/edit window initializing
2025-03-13 18:41:12 INFO  Main:36 - saved data reading
2025-03-13 18:41:12 INFO  Main:41 - application start
2025-03-13 18:41:12 INFO  Controller:75 - Main controller initializing
2025-03-13 18:41:14 INFO  Main:36 - saved data reading
2025-03-13 18:41:14 INFO  Main:41 - application start
2025-03-13 18:41:14 INFO  Controller:75 - Main controller initializing
2025-03-13 18:41:16 INFO  NewEditController:86 - new/edit window initializing
2025-03-13 18:42:49 INFO  Main:36 - saved data reading
2025-03-13 18:42:49 INFO  Main:41 - application start
2025-03-13 18:42:49 INFO  Controller:75 - Main controller initializing
2025-03-13 18:42:51 INFO  NewEditController:98 - new/edit window initializing
2025-03-13 18:44:30 INFO  Main:36 - saved data reading
2025-03-13 18:44:30 INFO  Main:41 - application start
2025-03-13 18:44:30 INFO  Controller:75 - Main controller initializing
2025-03-13 18:44:32 INFO  NewEditController:98 - new/edit window initializing
2025-03-13 18:51:32 INFO  Main:36 - saved data reading
2025-03-13 18:51:32 INFO  Main:41 - application start
2025-03-13 18:51:32 INFO  Controller:75 - Main controller initializing
2025-03-13 18:51:36 INFO  TaskInfoController:24 - task info window initializing
2025-03-13 18:51:58 INFO  NewEditController:98 - new/edit window initializing
